{"/Users/aaron_144/hr/thesis/ev-micro/airbnb-booking-microsvc/events/analysis/analyzer.js":{"path":"/Users/aaron_144/hr/thesis/ev-micro/airbnb-booking-microsvc/events/analysis/analyzer.js","statementMap":{"0":{"start":{"line":1,"column":16},"end":{"line":1,"column":40}},"1":{"start":{"line":3,"column":0},"end":{"line":5,"column":1}}},"fnMap":{},"branchMap":{},"s":{"0":1,"1":1},"f":{},"b":{},"_coverageSchema":"332fd63041d2c1bcb487cc26dd0d5f7d97098a6c","hash":"bf048fde46db4f1f1143f6352bdb7c40838a4f7f","contentHash":"a86e0c2f3ec306dfb4e644694164b65e_11.4.1"},"/Users/aaron_144/hr/thesis/ev-micro/airbnb-booking-microsvc/events/analysis/crDateRange.js":{"path":"/Users/aaron_144/hr/thesis/ev-micro/airbnb-booking-microsvc/events/analysis/crDateRange.js","statementMap":{"0":{"start":{"line":4,"column":19},"end":{"line":4,"column":51}},"1":{"start":{"line":5,"column":28},"end":{"line":5,"column":59}},"2":{"start":{"line":6,"column":15},"end":{"line":6,"column":41}},"3":{"start":{"line":8,"column":20},"end":{"line":49,"column":1}},"4":{"start":{"line":11,"column":20},"end":{"line":11,"column":132}},"5":{"start":{"line":12,"column":18},"end":{"line":12,"column":125}},"6":{"start":{"line":15,"column":19},"end":{"line":15,"column":100}},"7":{"start":{"line":18,"column":20},"end":{"line":18,"column":22}},"8":{"start":{"line":21,"column":19},"end":{"line":21,"column":28}},"9":{"start":{"line":23,"column":4},"end":{"line":36,"column":5}},"10":{"start":{"line":25,"column":8},"end":{"line":25,"column":81}},"11":{"start":{"line":29,"column":8},"end":{"line":35,"column":9}},"12":{"start":{"line":30,"column":12},"end":{"line":30,"column":95}},"13":{"start":{"line":31,"column":12},"end":{"line":31,"column":29}},"14":{"start":{"line":34,"column":12},"end":{"line":34,"column":27}},"15":{"start":{"line":40,"column":28},"end":{"line":46,"column":6}},"16":{"start":{"line":41,"column":8},"end":{"line":45,"column":9}},"17":{"start":{"line":42,"column":12},"end":{"line":42,"column":52}},"18":{"start":{"line":44,"column":12},"end":{"line":44,"column":44}},"19":{"start":{"line":48,"column":4},"end":{"line":48,"column":40}},"20":{"start":{"line":51,"column":0},"end":{"line":51,"column":29}}},"fnMap":{"0":{"name":"(anonymous_0)","decl":{"start":{"line":8,"column":20},"end":{"line":8,"column":21}},"loc":{"start":{"line":8,"column":70},"end":{"line":49,"column":1}},"line":8},"1":{"name":"(anonymous_1)","decl":{"start":{"line":40,"column":41},"end":{"line":40,"column":42}},"loc":{"start":{"line":40,"column":53},"end":{"line":46,"column":5}},"line":40}},"branchMap":{"0":{"loc":{"start":{"line":29,"column":8},"end":{"line":35,"column":9}},"type":"if","locations":[{"start":{"line":29,"column":8},"end":{"line":35,"column":9}},{"start":{"line":29,"column":8},"end":{"line":35,"column":9}}],"line":29},"1":{"loc":{"start":{"line":41,"column":8},"end":{"line":45,"column":9}},"type":"if","locations":[{"start":{"line":41,"column":8},"end":{"line":45,"column":9}},{"start":{"line":41,"column":8},"end":{"line":45,"column":9}}],"line":41}},"s":{"0":1,"1":1,"2":1,"3":1,"4":4,"5":4,"6":4,"7":4,"8":4,"9":4,"10":4,"11":4,"12":0,"13":0,"14":4,"15":4,"16":4,"17":3,"18":1,"19":4,"20":1},"f":{"0":4,"1":4},"b":{"0":[0,4],"1":[3,1]},"_coverageSchema":"332fd63041d2c1bcb487cc26dd0d5f7d97098a6c","hash":"810db60a64ccc186f238c34bb6da3727676d48ac","contentHash":"a98e5da0ec4b42807fe4e2bcefe4ba4b_11.4.1"},"/Users/aaron_144/hr/thesis/ev-micro/airbnb-booking-microsvc/events/analysis/helpers/dateHelpers.js":{"path":"/Users/aaron_144/hr/thesis/ev-micro/airbnb-booking-microsvc/events/analysis/helpers/dateHelpers.js","statementMap":{"0":{"start":{"line":1,"column":20},"end":{"line":1,"column":130}},"1":{"start":{"line":2,"column":18},"end":{"line":2,"column":69}},"2":{"start":{"line":3,"column":20},"end":{"line":3,"column":107}},"3":{"start":{"line":4,"column":19},"end":{"line":4,"column":120}},"4":{"start":{"line":10,"column":21},"end":{"line":22,"column":1}},"5":{"start":{"line":12,"column":17},"end":{"line":12,"column":46}},"6":{"start":{"line":13,"column":21},"end":{"line":13,"column":62}},"7":{"start":{"line":14,"column":15},"end":{"line":14,"column":43}},"8":{"start":{"line":17,"column":4},"end":{"line":19,"column":5}},"9":{"start":{"line":18,"column":8},"end":{"line":18,"column":31}},"10":{"start":{"line":21,"column":4},"end":{"line":21,"column":31}},"11":{"start":{"line":24,"column":0},"end":{"line":30,"column":2}}},"fnMap":{"0":{"name":"(anonymous_0)","decl":{"start":{"line":10,"column":21},"end":{"line":10,"column":22}},"loc":{"start":{"line":10,"column":37},"end":{"line":22,"column":1}},"line":10}},"branchMap":{},"s":{"0":1,"1":1,"2":1,"3":1,"4":1,"5":12,"6":12,"7":12,"8":12,"9":9,"10":12,"11":1},"f":{"0":12},"b":{},"_coverageSchema":"332fd63041d2c1bcb487cc26dd0d5f7d97098a6c","hash":"525e0b96e8279848e8df10a9fb5d75e37201af3d","contentHash":"c83651e4994f29f15f00aba2bf4f3b97_11.4.1"},"/Users/aaron_144/hr/thesis/ev-micro/airbnb-booking-microsvc/events/analysis/helpers/crThisDate.js":{"path":"/Users/aaron_144/hr/thesis/ev-micro/airbnb-booking-microsvc/events/analysis/helpers/crThisDate.js","statementMap":{"0":{"start":{"line":1,"column":14},"end":{"line":1,"column":30}},"1":{"start":{"line":2,"column":11},"end":{"line":2,"column":35}},"2":{"start":{"line":3,"column":12},"end":{"line":3,"column":30}},"3":{"start":{"line":4,"column":13},"end":{"line":4,"column":19}},"4":{"start":{"line":6,"column":0},"end":{"line":52,"column":1}},"5":{"start":{"line":10,"column":4},"end":{"line":10,"column":39}},"6":{"start":{"line":11,"column":4},"end":{"line":11,"column":42}},"7":{"start":{"line":13,"column":4},"end":{"line":50,"column":5}},"8":{"start":{"line":15,"column":23},"end":{"line":15,"column":87}},"9":{"start":{"line":16,"column":26},"end":{"line":16,"column":37}},"10":{"start":{"line":18,"column":23},"end":{"line":18,"column":90}},"11":{"start":{"line":19,"column":26},"end":{"line":19,"column":48}},"12":{"start":{"line":21,"column":30},"end":{"line":21,"column":83}},"13":{"start":{"line":22,"column":29},"end":{"line":22,"column":75}},"14":{"start":{"line":24,"column":19},"end":{"line":24,"column":56}},"15":{"start":{"line":26,"column":8},"end":{"line":33,"column":9}},"16":{"start":{"line":36,"column":23},"end":{"line":36,"column":76}},"17":{"start":{"line":37,"column":26},"end":{"line":37,"column":37}},"18":{"start":{"line":39,"column":23},"end":{"line":39,"column":79}},"19":{"start":{"line":40,"column":26},"end":{"line":40,"column":48}},"20":{"start":{"line":42,"column":19},"end":{"line":42,"column":56}},"21":{"start":{"line":44,"column":8},"end":{"line":49,"column":9}}},"fnMap":{"0":{"name":"(anonymous_0)","decl":{"start":{"line":6,"column":17},"end":{"line":6,"column":18}},"loc":{"start":{"line":6,"column":41},"end":{"line":52,"column":1}},"line":6}},"branchMap":{"0":{"loc":{"start":{"line":13,"column":4},"end":{"line":50,"column":5}},"type":"if","locations":[{"start":{"line":13,"column":4},"end":{"line":50,"column":5}},{"start":{"line":13,"column":4},"end":{"line":50,"column":5}}],"line":13},"1":{"loc":{"start":{"line":19,"column":26},"end":{"line":19,"column":48}},"type":"cond-expr","locations":[{"start":{"line":19,"column":33},"end":{"line":19,"column":44}},{"start":{"line":19,"column":47},"end":{"line":19,"column":48}}],"line":19},"2":{"loc":{"start":{"line":24,"column":19},"end":{"line":24,"column":56}},"type":"cond-expr","locations":[{"start":{"line":24,"column":31},"end":{"line":24,"column":52}},{"start":{"line":24,"column":55},"end":{"line":24,"column":56}}],"line":24},"3":{"loc":{"start":{"line":40,"column":26},"end":{"line":40,"column":48}},"type":"cond-expr","locations":[{"start":{"line":40,"column":33},"end":{"line":40,"column":44}},{"start":{"line":40,"column":47},"end":{"line":40,"column":48}}],"line":40},"4":{"loc":{"start":{"line":42,"column":19},"end":{"line":42,"column":56}},"type":"cond-expr","locations":[{"start":{"line":42,"column":31},"end":{"line":42,"column":52}},{"start":{"line":42,"column":55},"end":{"line":42,"column":56}}],"line":42}},"s":{"0":1,"1":1,"2":1,"3":1,"4":1,"5":4,"6":4,"7":4,"8":3,"9":3,"10":3,"11":3,"12":3,"13":2,"14":2,"15":2,"16":1,"17":1,"18":1,"19":1,"20":1,"21":1},"f":{"0":4},"b":{"0":[3,1],"1":[3,0],"2":[1,1],"3":[1,0],"4":[0,1]},"_coverageSchema":"332fd63041d2c1bcb487cc26dd0d5f7d97098a6c","hash":"f3c5948721b228b09c6904782dc141fcfa8e7365","contentHash":"145197d2ea4aad1461ba8a62bdcb7455_11.4.1"},"/Users/aaron_144/hr/thesis/ev-micro/airbnb-booking-microsvc/events/server/index.js":{"path":"/Users/aaron_144/hr/thesis/ev-micro/airbnb-booking-microsvc/events/server/index.js","statementMap":{"0":{"start":{"line":1,"column":15},"end":{"line":1,"column":34}},"1":{"start":{"line":2,"column":11},"end":{"line":2,"column":35}},"2":{"start":{"line":4,"column":0},"end":{"line":6,"column":3}},"3":{"start":{"line":5,"column":2},"end":{"line":5,"column":49}}},"fnMap":{"0":{"name":"(anonymous_0)","decl":{"start":{"line":4,"column":20},"end":{"line":4,"column":21}},"loc":{"start":{"line":4,"column":26},"end":{"line":6,"column":1}},"line":4}},"branchMap":{"0":{"loc":{"start":{"line":2,"column":11},"end":{"line":2,"column":35}},"type":"binary-expr","locations":[{"start":{"line":2,"column":11},"end":{"line":2,"column":27}},{"start":{"line":2,"column":31},"end":{"line":2,"column":35}}],"line":2}},"s":{"0":1,"1":1,"2":1,"3":1},"f":{"0":1},"b":{"0":[1,1]},"_coverageSchema":"332fd63041d2c1bcb487cc26dd0d5f7d97098a6c","hash":"febf33ed3710cce836ae74962afda7bce82d2d40","contentHash":"1c550fe460bc157167ac1f0400c3e56b_11.4.1"},"/Users/aaron_144/hr/thesis/ev-micro/airbnb-booking-microsvc/events/server/server.js":{"path":"/Users/aaron_144/hr/thesis/ev-micro/airbnb-booking-microsvc/events/server/server.js","statementMap":{"0":{"start":{"line":1,"column":17},"end":{"line":1,"column":36}},"1":{"start":{"line":4,"column":16},"end":{"line":4,"column":34}},"2":{"start":{"line":5,"column":12},"end":{"line":5,"column":21}},"3":{"start":{"line":6,"column":19},"end":{"line":6,"column":41}},"4":{"start":{"line":7,"column":15},"end":{"line":7,"column":32}},"5":{"start":{"line":10,"column":11},"end":{"line":10,"column":39}},"6":{"start":{"line":13,"column":12},"end":{"line":13,"column":35}},"7":{"start":{"line":14,"column":20},"end":{"line":14,"column":63}},"8":{"start":{"line":17,"column":11},"end":{"line":17,"column":47}},"9":{"start":{"line":20,"column":14},"end":{"line":20,"column":30}},"10":{"start":{"line":21,"column":19},"end":{"line":21,"column":41}},"11":{"start":{"line":22,"column":16},"end":{"line":22,"column":46}},"12":{"start":{"line":25,"column":0},"end":{"line":25,"column":27}},"13":{"start":{"line":27,"column":0},"end":{"line":29,"column":1}},"14":{"start":{"line":28,"column":4},"end":{"line":28,"column":27}},"15":{"start":{"line":31,"column":0},"end":{"line":31,"column":60}},"16":{"start":{"line":31,"column":27},"end":{"line":31,"column":58}},"17":{"start":{"line":34,"column":0},"end":{"line":41,"column":3}},"18":{"start":{"line":35,"column":2},"end":{"line":40,"column":3}},"19":{"start":{"line":36,"column":4},"end":{"line":36,"column":53}},"20":{"start":{"line":37,"column":4},"end":{"line":37,"column":37}},"21":{"start":{"line":39,"column":4},"end":{"line":39,"column":49}},"22":{"start":{"line":44,"column":0},"end":{"line":51,"column":2}},"23":{"start":{"line":45,"column":4},"end":{"line":50,"column":5}},"24":{"start":{"line":46,"column":22},"end":{"line":46,"column":61}},"25":{"start":{"line":47,"column":8},"end":{"line":47,"column":38}},"26":{"start":{"line":49,"column":8},"end":{"line":49,"column":41}},"27":{"start":{"line":54,"column":0},"end":{"line":61,"column":2}},"28":{"start":{"line":55,"column":4},"end":{"line":60,"column":5}},"29":{"start":{"line":56,"column":22},"end":{"line":56,"column":61}},"30":{"start":{"line":57,"column":8},"end":{"line":57,"column":38}},"31":{"start":{"line":59,"column":8},"end":{"line":59,"column":41}},"32":{"start":{"line":64,"column":0},"end":{"line":71,"column":3}},"33":{"start":{"line":65,"column":4},"end":{"line":70,"column":5}},"34":{"start":{"line":66,"column":22},"end":{"line":66,"column":90}},"35":{"start":{"line":67,"column":8},"end":{"line":67,"column":38}},"36":{"start":{"line":69,"column":8},"end":{"line":69,"column":42}},"37":{"start":{"line":73,"column":0},"end":{"line":80,"column":3}},"38":{"start":{"line":74,"column":4},"end":{"line":79,"column":5}},"39":{"start":{"line":75,"column":22},"end":{"line":75,"column":90}},"40":{"start":{"line":76,"column":8},"end":{"line":76,"column":38}},"41":{"start":{"line":78,"column":8},"end":{"line":78,"column":42}},"42":{"start":{"line":83,"column":14},"end":{"line":93,"column":1}},"43":{"start":{"line":84,"column":19},"end":{"line":84,"column":36}},"44":{"start":{"line":85,"column":4},"end":{"line":92,"column":7}},"45":{"start":{"line":86,"column":8},"end":{"line":86,"column":27}},"46":{"start":{"line":86,"column":17},"end":{"line":86,"column":27}},"47":{"start":{"line":87,"column":8},"end":{"line":91,"column":9}},"48":{"start":{"line":88,"column":12},"end":{"line":88,"column":39}},"49":{"start":{"line":90,"column":12},"end":{"line":90,"column":19}},"50":{"start":{"line":96,"column":0},"end":{"line":111,"column":2}},"51":{"start":{"line":97,"column":4},"end":{"line":110,"column":5}},"52":{"start":{"line":99,"column":8},"end":{"line":109,"column":9}},"53":{"start":{"line":100,"column":27},"end":{"line":100,"column":64}},"54":{"start":{"line":101,"column":12},"end":{"line":106,"column":13}},"55":{"start":{"line":102,"column":16},"end":{"line":102,"column":73}},"56":{"start":{"line":103,"column":16},"end":{"line":103,"column":58}},"57":{"start":{"line":105,"column":16},"end":{"line":105,"column":39}},"58":{"start":{"line":108,"column":12},"end":{"line":108,"column":38}},"59":{"start":{"line":113,"column":0},"end":{"line":113,"column":21}}},"fnMap":{"0":{"name":"(anonymous_0)","decl":{"start":{"line":31,"column":13},"end":{"line":31,"column":14}},"loc":{"start":{"line":31,"column":27},"end":{"line":31,"column":58}},"line":31},"1":{"name":"(anonymous_1)","decl":{"start":{"line":34,"column":22},"end":{"line":34,"column":23}},"loc":{"start":{"line":34,"column":41},"end":{"line":41,"column":1}},"line":34},"2":{"name":"(anonymous_2)","decl":{"start":{"line":44,"column":27},"end":{"line":44,"column":28}},"loc":{"start":{"line":44,"column":47},"end":{"line":51,"column":1}},"line":44},"3":{"name":"(anonymous_3)","decl":{"start":{"line":54,"column":30},"end":{"line":54,"column":31}},"loc":{"start":{"line":54,"column":50},"end":{"line":61,"column":1}},"line":54},"4":{"name":"(anonymous_4)","decl":{"start":{"line":64,"column":31},"end":{"line":64,"column":32}},"loc":{"start":{"line":64,"column":51},"end":{"line":71,"column":1}},"line":64},"5":{"name":"(anonymous_5)","decl":{"start":{"line":73,"column":34},"end":{"line":73,"column":35}},"loc":{"start":{"line":73,"column":54},"end":{"line":80,"column":1}},"line":73},"6":{"name":"(anonymous_6)","decl":{"start":{"line":83,"column":14},"end":{"line":83,"column":15}},"loc":{"start":{"line":83,"column":34},"end":{"line":93,"column":1}},"line":83},"7":{"name":"(anonymous_7)","decl":{"start":{"line":85,"column":24},"end":{"line":85,"column":25}},"loc":{"start":{"line":85,"column":39},"end":{"line":92,"column":5}},"line":85},"8":{"name":"(anonymous_8)","decl":{"start":{"line":96,"column":37},"end":{"line":96,"column":38}},"loc":{"start":{"line":96,"column":56},"end":{"line":111,"column":1}},"line":96}},"branchMap":{"0":{"loc":{"start":{"line":27,"column":0},"end":{"line":29,"column":1}},"type":"if","locations":[{"start":{"line":27,"column":0},"end":{"line":29,"column":1}},{"start":{"line":27,"column":0},"end":{"line":29,"column":1}}],"line":27},"1":{"loc":{"start":{"line":35,"column":2},"end":{"line":40,"column":3}},"type":"if","locations":[{"start":{"line":35,"column":2},"end":{"line":40,"column":3}},{"start":{"line":35,"column":2},"end":{"line":40,"column":3}}],"line":35},"2":{"loc":{"start":{"line":35,"column":6},"end":{"line":35,"column":43}},"type":"binary-expr","locations":[{"start":{"line":35,"column":6},"end":{"line":35,"column":24}},{"start":{"line":35,"column":28},"end":{"line":35,"column":43}}],"line":35},"3":{"loc":{"start":{"line":45,"column":4},"end":{"line":50,"column":5}},"type":"if","locations":[{"start":{"line":45,"column":4},"end":{"line":50,"column":5}},{"start":{"line":45,"column":4},"end":{"line":50,"column":5}}],"line":45},"4":{"loc":{"start":{"line":55,"column":4},"end":{"line":60,"column":5}},"type":"if","locations":[{"start":{"line":55,"column":4},"end":{"line":60,"column":5}},{"start":{"line":55,"column":4},"end":{"line":60,"column":5}}],"line":55},"5":{"loc":{"start":{"line":65,"column":4},"end":{"line":70,"column":5}},"type":"if","locations":[{"start":{"line":65,"column":4},"end":{"line":70,"column":5}},{"start":{"line":65,"column":4},"end":{"line":70,"column":5}}],"line":65},"6":{"loc":{"start":{"line":65,"column":8},"end":{"line":65,"column":44}},"type":"binary-expr","locations":[{"start":{"line":65,"column":8},"end":{"line":65,"column":25}},{"start":{"line":65,"column":29},"end":{"line":65,"column":44}}],"line":65},"7":{"loc":{"start":{"line":74,"column":4},"end":{"line":79,"column":5}},"type":"if","locations":[{"start":{"line":74,"column":4},"end":{"line":79,"column":5}},{"start":{"line":74,"column":4},"end":{"line":79,"column":5}}],"line":74},"8":{"loc":{"start":{"line":74,"column":8},"end":{"line":74,"column":44}},"type":"binary-expr","locations":[{"start":{"line":74,"column":8},"end":{"line":74,"column":25}},{"start":{"line":74,"column":29},"end":{"line":74,"column":44}}],"line":74},"9":{"loc":{"start":{"line":86,"column":8},"end":{"line":86,"column":27}},"type":"if","locations":[{"start":{"line":86,"column":8},"end":{"line":86,"column":27}},{"start":{"line":86,"column":8},"end":{"line":86,"column":27}}],"line":86},"10":{"loc":{"start":{"line":87,"column":8},"end":{"line":91,"column":9}},"type":"if","locations":[{"start":{"line":87,"column":8},"end":{"line":91,"column":9}},{"start":{"line":87,"column":8},"end":{"line":91,"column":9}}],"line":87},"11":{"loc":{"start":{"line":97,"column":4},"end":{"line":110,"column":5}},"type":"if","locations":[{"start":{"line":97,"column":4},"end":{"line":110,"column":5}},{"start":{"line":97,"column":4},"end":{"line":110,"column":5}}],"line":97},"12":{"loc":{"start":{"line":101,"column":12},"end":{"line":106,"column":13}},"type":"if","locations":[{"start":{"line":101,"column":12},"end":{"line":106,"column":13}},{"start":{"line":101,"column":12},"end":{"line":106,"column":13}}],"line":101}},"s":{"0":1,"1":1,"2":1,"3":1,"4":1,"5":1,"6":1,"7":1,"8":1,"9":1,"10":1,"11":1,"12":1,"13":1,"14":0,"15":1,"16":0,"17":1,"18":0,"19":0,"20":0,"21":0,"22":1,"23":1,"24":1,"25":1,"26":0,"27":1,"28":1,"29":1,"30":1,"31":0,"32":1,"33":4,"34":4,"35":4,"36":0,"37":1,"38":3,"39":3,"40":3,"41":0,"42":1,"43":10,"44":10,"45":10,"46":0,"47":10,"48":3,"49":7,"50":1,"51":7,"52":7,"53":7,"54":7,"55":7,"56":5,"57":0,"58":2,"59":1},"f":{"0":0,"1":0,"2":1,"3":1,"4":4,"5":3,"6":10,"7":10,"8":7},"b":{"0":[0,1],"1":[0,0],"2":[0,0],"3":[1,0],"4":[1,0],"5":[4,0],"6":[4,4],"7":[3,0],"8":[3,3],"9":[0,10],"10":[3,7],"11":[7,0],"12":[7,0]},"_coverageSchema":"332fd63041d2c1bcb487cc26dd0d5f7d97098a6c","hash":"f051084f8f72d3344e6c772cb1dc0b35d5937d35","contentHash":"2c90b3fdafe14897c28ef54a86b9b3c9_11.4.1"},"/Users/aaron_144/hr/thesis/ev-micro/airbnb-booking-microsvc/events/newrelic.js":{"path":"/Users/aaron_144/hr/thesis/ev-micro/airbnb-booking-microsvc/events/newrelic.js","statementMap":{"0":{"start":{"line":8,"column":0},"end":{"line":53,"column":1}}},"fnMap":{},"branchMap":{},"s":{"0":1},"f":{},"b":{},"_coverageSchema":"332fd63041d2c1bcb487cc26dd0d5f7d97098a6c","hash":"7a6cb1672671253cc88124bf43fe2e21d399c247","contentHash":"af10afc3a2bd8d9afd2ca6d2cb7c4a16_11.4.1"},"/Users/aaron_144/hr/thesis/ev-micro/airbnb-booking-microsvc/events/database/index.js":{"path":"/Users/aaron_144/hr/thesis/ev-micro/airbnb-booking-microsvc/events/database/index.js","statementMap":{"0":{"start":{"line":1,"column":13},"end":{"line":1,"column":40}},"1":{"start":{"line":2,"column":16},"end":{"line":2,"column":42}},"2":{"start":{"line":3,"column":16},"end":{"line":3,"column":42}},"3":{"start":{"line":4,"column":16},"end":{"line":4,"column":42}},"4":{"start":{"line":5,"column":16},"end":{"line":5,"column":42}},"5":{"start":{"line":6,"column":22},"end":{"line":6,"column":54}},"6":{"start":{"line":7,"column":22},"end":{"line":7,"column":54}},"7":{"start":{"line":9,"column":0},"end":{"line":17,"column":1}}},"fnMap":{},"branchMap":{},"s":{"0":1,"1":1,"2":1,"3":1,"4":1,"5":1,"6":1,"7":1},"f":{},"b":{},"_coverageSchema":"332fd63041d2c1bcb487cc26dd0d5f7d97098a6c","hash":"d9d5c5f82165b19fe899e20dbb3297fe6283df0d","contentHash":"d8c1a19a79fbc5c0c3378b5db99ee8f9_11.4.1"},"/Users/aaron_144/hr/thesis/ev-micro/airbnb-booking-microsvc/events/database/indexCassandra.js":{"path":"/Users/aaron_144/hr/thesis/ev-micro/airbnb-booking-microsvc/events/database/indexCassandra.js","statementMap":{"0":{"start":{"line":1,"column":23},"end":{"line":1,"column":51}},"1":{"start":{"line":3,"column":13},"end":{"line":18,"column":2}},"2":{"start":{"line":20,"column":16},"end":{"line":30,"column":2}},"3":{"start":{"line":32,"column":16},"end":{"line":44,"column":2}},"4":{"start":{"line":46,"column":22},"end":{"line":58,"column":2}},"5":{"start":{"line":60,"column":22},"end":{"line":72,"column":2}},"6":{"start":{"line":76,"column":0},"end":{"line":80,"column":3}},"7":{"start":{"line":77,"column":2},"end":{"line":77,"column":25}},"8":{"start":{"line":77,"column":13},"end":{"line":77,"column":23}},"9":{"start":{"line":82,"column":0},"end":{"line":86,"column":3}},"10":{"start":{"line":83,"column":2},"end":{"line":83,"column":25}},"11":{"start":{"line":83,"column":13},"end":{"line":83,"column":23}},"12":{"start":{"line":88,"column":0},"end":{"line":90,"column":2}},"13":{"start":{"line":89,"column":2},"end":{"line":89,"column":25}},"14":{"start":{"line":89,"column":13},"end":{"line":89,"column":23}},"15":{"start":{"line":92,"column":0},"end":{"line":94,"column":2}},"16":{"start":{"line":93,"column":2},"end":{"line":93,"column":25}},"17":{"start":{"line":93,"column":13},"end":{"line":93,"column":23}},"18":{"start":{"line":96,"column":0},"end":{"line":96,"column":24}}},"fnMap":{"0":{"name":"(anonymous_0)","decl":{"start":{"line":76,"column":17},"end":{"line":76,"column":18}},"loc":{"start":{"line":76,"column":40},"end":{"line":80,"column":1}},"line":76},"1":{"name":"(anonymous_1)","decl":{"start":{"line":82,"column":17},"end":{"line":82,"column":18}},"loc":{"start":{"line":82,"column":40},"end":{"line":86,"column":1}},"line":82},"2":{"name":"(anonymous_2)","decl":{"start":{"line":88,"column":23},"end":{"line":88,"column":24}},"loc":{"start":{"line":88,"column":46},"end":{"line":90,"column":1}},"line":88},"3":{"name":"(anonymous_3)","decl":{"start":{"line":92,"column":23},"end":{"line":92,"column":24}},"loc":{"start":{"line":92,"column":46},"end":{"line":94,"column":1}},"line":92}},"branchMap":{"0":{"loc":{"start":{"line":77,"column":2},"end":{"line":77,"column":25}},"type":"if","locations":[{"start":{"line":77,"column":2},"end":{"line":77,"column":25}},{"start":{"line":77,"column":2},"end":{"line":77,"column":25}}],"line":77},"1":{"loc":{"start":{"line":83,"column":2},"end":{"line":83,"column":25}},"type":"if","locations":[{"start":{"line":83,"column":2},"end":{"line":83,"column":25}},{"start":{"line":83,"column":2},"end":{"line":83,"column":25}}],"line":83},"2":{"loc":{"start":{"line":89,"column":2},"end":{"line":89,"column":25}},"type":"if","locations":[{"start":{"line":89,"column":2},"end":{"line":89,"column":25}},{"start":{"line":89,"column":2},"end":{"line":89,"column":25}}],"line":89},"3":{"loc":{"start":{"line":93,"column":2},"end":{"line":93,"column":25}},"type":"if","locations":[{"start":{"line":93,"column":2},"end":{"line":93,"column":25}},{"start":{"line":93,"column":2},"end":{"line":93,"column":25}}],"line":93}},"s":{"0":1,"1":1,"2":1,"3":1,"4":1,"5":1,"6":1,"7":1,"8":0,"9":1,"10":1,"11":0,"12":1,"13":1,"14":0,"15":1,"16":1,"17":0,"18":1},"f":{"0":1,"1":1,"2":1,"3":1},"b":{"0":[0,1],"1":[0,1],"2":[0,1],"3":[0,1]},"_coverageSchema":"332fd63041d2c1bcb487cc26dd0d5f7d97098a6c","hash":"4facbaa9581acef3c4a7820073719937cf848bd3","contentHash":"cbf1679426301342f5b1693649cf3108_11.4.1"},"/Users/aaron_144/hr/thesis/ev-micro/airbnb-booking-microsvc/events/database/bookRetrieval.js":{"path":"/Users/aaron_144/hr/thesis/ev-micro/airbnb-booking-microsvc/events/database/bookRetrieval.js","statementMap":{"0":{"start":{"line":1,"column":13},"end":{"line":1,"column":40}},"1":{"start":{"line":3,"column":18},"end":{"line":13,"column":1}},"2":{"start":{"line":4,"column":4},"end":{"line":12,"column":6}},"3":{"start":{"line":5,"column":8},"end":{"line":11,"column":11}},"4":{"start":{"line":6,"column":12},"end":{"line":10,"column":13}},"5":{"start":{"line":7,"column":16},"end":{"line":7,"column":28}},"6":{"start":{"line":9,"column":16},"end":{"line":9,"column":33}},"7":{"start":{"line":15,"column":0},"end":{"line":15,"column":29}}},"fnMap":{"0":{"name":"(anonymous_0)","decl":{"start":{"line":3,"column":18},"end":{"line":3,"column":19}},"loc":{"start":{"line":3,"column":42},"end":{"line":13,"column":1}},"line":3},"1":{"name":"(anonymous_1)","decl":{"start":{"line":4,"column":23},"end":{"line":4,"column":24}},"loc":{"start":{"line":4,"column":49},"end":{"line":12,"column":5}},"line":4},"2":{"name":"(anonymous_2)","decl":{"start":{"line":5,"column":78},"end":{"line":5,"column":79}},"loc":{"start":{"line":5,"column":102},"end":{"line":11,"column":9}},"line":5}},"branchMap":{"0":{"loc":{"start":{"line":6,"column":12},"end":{"line":10,"column":13}},"type":"if","locations":[{"start":{"line":6,"column":12},"end":{"line":10,"column":13}},{"start":{"line":6,"column":12},"end":{"line":10,"column":13}}],"line":6}},"s":{"0":1,"1":1,"2":3,"3":3,"4":3,"5":0,"6":3,"7":1},"f":{"0":3,"1":3,"2":3},"b":{"0":[0,3]},"_coverageSchema":"332fd63041d2c1bcb487cc26dd0d5f7d97098a6c","hash":"7391ca7fd561fcbf6ded6373df201b7c5c293975","contentHash":"d755626c3eec2fae689c45949617875d_11.4.1"},"/Users/aaron_144/hr/thesis/ev-micro/airbnb-booking-microsvc/events/database/viewRetrieval.js":{"path":"/Users/aaron_144/hr/thesis/ev-micro/airbnb-booking-microsvc/events/database/viewRetrieval.js","statementMap":{"0":{"start":{"line":1,"column":13},"end":{"line":1,"column":40}},"1":{"start":{"line":3,"column":15},"end":{"line":13,"column":1}},"2":{"start":{"line":4,"column":4},"end":{"line":12,"column":6}},"3":{"start":{"line":5,"column":8},"end":{"line":11,"column":11}},"4":{"start":{"line":6,"column":12},"end":{"line":10,"column":13}},"5":{"start":{"line":7,"column":16},"end":{"line":7,"column":28}},"6":{"start":{"line":9,"column":16},"end":{"line":9,"column":33}},"7":{"start":{"line":15,"column":0},"end":{"line":15,"column":26}}},"fnMap":{"0":{"name":"(anonymous_0)","decl":{"start":{"line":3,"column":15},"end":{"line":3,"column":16}},"loc":{"start":{"line":3,"column":39},"end":{"line":13,"column":1}},"line":3},"1":{"name":"(anonymous_1)","decl":{"start":{"line":4,"column":23},"end":{"line":4,"column":24}},"loc":{"start":{"line":4,"column":50},"end":{"line":12,"column":5}},"line":4},"2":{"name":"(anonymous_2)","decl":{"start":{"line":5,"column":78},"end":{"line":5,"column":79}},"loc":{"start":{"line":5,"column":102},"end":{"line":11,"column":9}},"line":5}},"branchMap":{"0":{"loc":{"start":{"line":6,"column":12},"end":{"line":10,"column":13}},"type":"if","locations":[{"start":{"line":6,"column":12},"end":{"line":10,"column":13}},{"start":{"line":6,"column":12},"end":{"line":10,"column":13}}],"line":6}},"s":{"0":1,"1":1,"2":36,"3":36,"4":36,"5":0,"6":36,"7":1},"f":{"0":36,"1":36,"2":36},"b":{"0":[0,36]},"_coverageSchema":"332fd63041d2c1bcb487cc26dd0d5f7d97098a6c","hash":"30bb63e3bef0e11c7ab24759dcc6f11b75ace059","contentHash":"412765e393a49b1ea5d435de383d09ac_11.4.1"},"/Users/aaron_144/hr/thesis/ev-micro/airbnb-booking-microsvc/events/database/bookInsertion.js":{"path":"/Users/aaron_144/hr/thesis/ev-micro/airbnb-booking-microsvc/events/database/bookInsertion.js","statementMap":{"0":{"start":{"line":1,"column":13},"end":{"line":1,"column":40}},"1":{"start":{"line":3,"column":17},"end":{"line":22,"column":1}},"2":{"start":{"line":4,"column":17},"end":{"line":4,"column":19}},"3":{"start":{"line":5,"column":13},"end":{"line":5,"column":26}},"4":{"start":{"line":6,"column":2},"end":{"line":12,"column":18}},"5":{"start":{"line":13,"column":2},"end":{"line":19,"column":18}},"6":{"start":{"line":21,"column":2},"end":{"line":21,"column":31}},"7":{"start":{"line":24,"column":0},"end":{"line":24,"column":28}}},"fnMap":{"0":{"name":"(anonymous_0)","decl":{"start":{"line":3,"column":17},"end":{"line":3,"column":18}},"loc":{"start":{"line":3,"column":52},"end":{"line":22,"column":1}},"line":3}},"branchMap":{"0":{"loc":{"start":{"line":10,"column":10},"end":{"line":10,"column":62}},"type":"cond-expr","locations":[{"start":{"line":10,"column":17},"end":{"line":10,"column":40}},{"start":{"line":10,"column":43},"end":{"line":10,"column":62}}],"line":10},"1":{"loc":{"start":{"line":11,"column":10},"end":{"line":11,"column":44}},"type":"cond-expr","locations":[{"start":{"line":11,"column":17},"end":{"line":11,"column":31}},{"start":{"line":11,"column":34},"end":{"line":11,"column":44}}],"line":11},"2":{"loc":{"start":{"line":17,"column":10},"end":{"line":17,"column":62}},"type":"cond-expr","locations":[{"start":{"line":17,"column":17},"end":{"line":17,"column":40}},{"start":{"line":17,"column":43},"end":{"line":17,"column":62}}],"line":17},"3":{"loc":{"start":{"line":18,"column":10},"end":{"line":18,"column":44}},"type":"cond-expr","locations":[{"start":{"line":18,"column":17},"end":{"line":18,"column":31}},{"start":{"line":18,"column":34},"end":{"line":18,"column":44}}],"line":18}},"s":{"0":1,"1":1,"2":3,"3":3,"4":3,"5":3,"6":3,"7":1},"f":{"0":3},"b":{"0":[0,3],"1":[0,3],"2":[0,3],"3":[0,3]},"_coverageSchema":"332fd63041d2c1bcb487cc26dd0d5f7d97098a6c","hash":"e4f020b3311e9d631915ab722318657222dd5506","contentHash":"a1dfe39c673c43513e12813670013f28_11.4.1"},"/Users/aaron_144/hr/thesis/ev-micro/airbnb-booking-microsvc/events/database/viewInsertion.js":{"path":"/Users/aaron_144/hr/thesis/ev-micro/airbnb-booking-microsvc/events/database/viewInsertion.js","statementMap":{"0":{"start":{"line":1,"column":13},"end":{"line":1,"column":40}},"1":{"start":{"line":3,"column":14},"end":{"line":22,"column":1}},"2":{"start":{"line":4,"column":19},"end":{"line":4,"column":21}},"3":{"start":{"line":5,"column":13},"end":{"line":5,"column":26}},"4":{"start":{"line":6,"column":2},"end":{"line":12,"column":18}},"5":{"start":{"line":13,"column":2},"end":{"line":19,"column":18}},"6":{"start":{"line":21,"column":2},"end":{"line":21,"column":33}},"7":{"start":{"line":24,"column":0},"end":{"line":24,"column":25}}},"fnMap":{"0":{"name":"(anonymous_0)","decl":{"start":{"line":3,"column":14},"end":{"line":3,"column":15}},"loc":{"start":{"line":3,"column":49},"end":{"line":22,"column":1}},"line":3}},"branchMap":{"0":{"loc":{"start":{"line":10,"column":10},"end":{"line":10,"column":62}},"type":"cond-expr","locations":[{"start":{"line":10,"column":17},"end":{"line":10,"column":40}},{"start":{"line":10,"column":43},"end":{"line":10,"column":62}}],"line":10},"1":{"loc":{"start":{"line":11,"column":10},"end":{"line":11,"column":44}},"type":"cond-expr","locations":[{"start":{"line":11,"column":17},"end":{"line":11,"column":31}},{"start":{"line":11,"column":34},"end":{"line":11,"column":44}}],"line":11},"2":{"loc":{"start":{"line":17,"column":10},"end":{"line":17,"column":62}},"type":"cond-expr","locations":[{"start":{"line":17,"column":17},"end":{"line":17,"column":40}},{"start":{"line":17,"column":43},"end":{"line":17,"column":62}}],"line":17},"3":{"loc":{"start":{"line":18,"column":10},"end":{"line":18,"column":44}},"type":"cond-expr","locations":[{"start":{"line":18,"column":17},"end":{"line":18,"column":31}},{"start":{"line":18,"column":34},"end":{"line":18,"column":44}}],"line":18}},"s":{"0":1,"1":1,"2":125,"3":125,"4":125,"5":125,"6":125,"7":1},"f":{"0":125},"b":{"0":[0,125],"1":[0,125],"2":[0,125],"3":[0,125]},"_coverageSchema":"332fd63041d2c1bcb487cc26dd0d5f7d97098a6c","hash":"bec83de40bbd6c4acc42f2021273591859becc1e","contentHash":"1ba539bff65e031e96e9e8d42b8a4753_11.4.1"},"/Users/aaron_144/hr/thesis/ev-micro/airbnb-booking-microsvc/events/database/bookByDateRetrieval.js":{"path":"/Users/aaron_144/hr/thesis/ev-micro/airbnb-booking-microsvc/events/database/bookByDateRetrieval.js","statementMap":{"0":{"start":{"line":1,"column":13},"end":{"line":1,"column":40}},"1":{"start":{"line":3,"column":24},"end":{"line":13,"column":1}},"2":{"start":{"line":4,"column":4},"end":{"line":12,"column":6}},"3":{"start":{"line":5,"column":8},"end":{"line":11,"column":11}},"4":{"start":{"line":6,"column":12},"end":{"line":10,"column":13}},"5":{"start":{"line":7,"column":16},"end":{"line":7,"column":28}},"6":{"start":{"line":9,"column":16},"end":{"line":9,"column":33}},"7":{"start":{"line":15,"column":0},"end":{"line":15,"column":35}}},"fnMap":{"0":{"name":"(anonymous_0)","decl":{"start":{"line":3,"column":24},"end":{"line":3,"column":25}},"loc":{"start":{"line":3,"column":40},"end":{"line":13,"column":1}},"line":3},"1":{"name":"(anonymous_1)","decl":{"start":{"line":4,"column":23},"end":{"line":4,"column":24}},"loc":{"start":{"line":4,"column":50},"end":{"line":12,"column":5}},"line":4},"2":{"name":"(anonymous_2)","decl":{"start":{"line":5,"column":65},"end":{"line":5,"column":66}},"loc":{"start":{"line":5,"column":89},"end":{"line":11,"column":9}},"line":5}},"branchMap":{"0":{"loc":{"start":{"line":6,"column":12},"end":{"line":10,"column":13}},"type":"if","locations":[{"start":{"line":6,"column":12},"end":{"line":10,"column":13}},{"start":{"line":6,"column":12},"end":{"line":10,"column":13}}],"line":6}},"s":{"0":1,"1":1,"2":1,"3":1,"4":1,"5":0,"6":1,"7":1},"f":{"0":1,"1":1,"2":1},"b":{"0":[0,1]},"_coverageSchema":"332fd63041d2c1bcb487cc26dd0d5f7d97098a6c","hash":"46d27e938eed70a3dbc14f5866088e4d1246bc6e","contentHash":"3209b5a0e6342a44c195d5cb29e38cfc_11.4.1"},"/Users/aaron_144/hr/thesis/ev-micro/airbnb-booking-microsvc/events/database/viewByDateRetrieval.js":{"path":"/Users/aaron_144/hr/thesis/ev-micro/airbnb-booking-microsvc/events/database/viewByDateRetrieval.js","statementMap":{"0":{"start":{"line":1,"column":13},"end":{"line":1,"column":40}},"1":{"start":{"line":3,"column":23},"end":{"line":13,"column":1}},"2":{"start":{"line":4,"column":4},"end":{"line":12,"column":6}},"3":{"start":{"line":5,"column":8},"end":{"line":11,"column":11}},"4":{"start":{"line":6,"column":12},"end":{"line":10,"column":13}},"5":{"start":{"line":7,"column":16},"end":{"line":7,"column":28}},"6":{"start":{"line":9,"column":16},"end":{"line":9,"column":33}},"7":{"start":{"line":15,"column":0},"end":{"line":15,"column":32}}},"fnMap":{"0":{"name":"(anonymous_0)","decl":{"start":{"line":3,"column":23},"end":{"line":3,"column":24}},"loc":{"start":{"line":3,"column":39},"end":{"line":13,"column":1}},"line":3},"1":{"name":"(anonymous_1)","decl":{"start":{"line":4,"column":23},"end":{"line":4,"column":24}},"loc":{"start":{"line":4,"column":44},"end":{"line":12,"column":5}},"line":4},"2":{"name":"(anonymous_2)","decl":{"start":{"line":5,"column":65},"end":{"line":5,"column":66}},"loc":{"start":{"line":5,"column":83},"end":{"line":11,"column":9}},"line":5}},"branchMap":{"0":{"loc":{"start":{"line":6,"column":12},"end":{"line":10,"column":13}},"type":"if","locations":[{"start":{"line":6,"column":12},"end":{"line":10,"column":13}},{"start":{"line":6,"column":12},"end":{"line":10,"column":13}}],"line":6}},"s":{"0":1,"1":1,"2":1,"3":1,"4":1,"5":0,"6":1,"7":1},"f":{"0":1,"1":1,"2":1},"b":{"0":[0,1]},"_coverageSchema":"332fd63041d2c1bcb487cc26dd0d5f7d97098a6c","hash":"ea184c627b29f0e23d4ac9125af2c33583cfd6cb","contentHash":"d60a560fc02c6703c24ba0bdd2c98042_11.4.1"},"/Users/aaron_144/hr/thesis/ev-micro/airbnb-booking-microsvc/events/server/sqs/queues.js":{"path":"/Users/aaron_144/hr/thesis/ev-micro/airbnb-booking-microsvc/events/server/sqs/queues.js","statementMap":{"0":{"start":{"line":1,"column":20},"end":{"line":1,"column":62}},"1":{"start":{"line":2,"column":17},"end":{"line":2,"column":56}},"2":{"start":{"line":3,"column":20},"end":{"line":3,"column":62}},"3":{"start":{"line":4,"column":17},"end":{"line":4,"column":56}},"4":{"start":{"line":6,"column":0},"end":{"line":15,"column":1}}},"fnMap":{},"branchMap":{},"s":{"0":1,"1":1,"2":1,"3":1,"4":1},"f":{},"b":{},"_coverageSchema":"332fd63041d2c1bcb487cc26dd0d5f7d97098a6c","hash":"feb1227a9ee34a1bb47fc6a3ddef8fb71e01c01e","contentHash":"3e20a54c6e967d1490ab3fb96f9b47bc_11.4.1"},"/Users/aaron_144/hr/thesis/ev-micro/airbnb-booking-microsvc/events/server/sqs/book_queue/sqs_receivemessage.js":{"path":"/Users/aaron_144/hr/thesis/ev-micro/airbnb-booking-microsvc/events/server/sqs/book_queue/sqs_receivemessage.js","statementMap":{"0":{"start":{"line":1,"column":19},"end":{"line":1,"column":61}},"1":{"start":{"line":3,"column":12},"end":{"line":3,"column":30}},"2":{"start":{"line":4,"column":0},"end":{"line":4,"column":43}},"3":{"start":{"line":5,"column":12},"end":{"line":5,"column":53}},"4":{"start":{"line":7,"column":15},"end":{"line":7,"column":74}},"5":{"start":{"line":9,"column":15},"end":{"line":20,"column":1}},"6":{"start":{"line":22,"column":14},"end":{"line":22,"column":15}},"7":{"start":{"line":24,"column":23},"end":{"line":49,"column":1}},"8":{"start":{"line":25,"column":2},"end":{"line":48,"column":5}},"9":{"start":{"line":26,"column":4},"end":{"line":47,"column":5}},"10":{"start":{"line":27,"column":6},"end":{"line":27,"column":47}},"11":{"start":{"line":28,"column":11},"end":{"line":47,"column":5}},"12":{"start":{"line":29,"column":25},"end":{"line":32,"column":7}},"13":{"start":{"line":34,"column":21},"end":{"line":34,"column":23}},"14":{"start":{"line":35,"column":6},"end":{"line":38,"column":9}},"15":{"start":{"line":36,"column":8},"end":{"line":36,"column":91}},"16":{"start":{"line":37,"column":8},"end":{"line":37,"column":121}},"17":{"start":{"line":39,"column":6},"end":{"line":39,"column":34}},"18":{"start":{"line":40,"column":6},"end":{"line":46,"column":9}},"19":{"start":{"line":41,"column":8},"end":{"line":45,"column":9}},"20":{"start":{"line":42,"column":10},"end":{"line":42,"column":38}},"21":{"start":{"line":44,"column":10},"end":{"line":44,"column":35}},"22":{"start":{"line":51,"column":27},"end":{"line":84,"column":1}},"23":{"start":{"line":52,"column":2},"end":{"line":83,"column":5}},"24":{"start":{"line":53,"column":4},"end":{"line":82,"column":5}},"25":{"start":{"line":54,"column":6},"end":{"line":54,"column":47}},"26":{"start":{"line":55,"column":11},"end":{"line":82,"column":5}},"27":{"start":{"line":56,"column":6},"end":{"line":56,"column":35}},"28":{"start":{"line":57,"column":25},"end":{"line":60,"column":7}},"29":{"start":{"line":61,"column":6},"end":{"line":61,"column":67}},"30":{"start":{"line":63,"column":19},"end":{"line":63,"column":21}},"31":{"start":{"line":64,"column":6},"end":{"line":67,"column":9}},"32":{"start":{"line":65,"column":8},"end":{"line":65,"column":91}},"33":{"start":{"line":66,"column":8},"end":{"line":66,"column":119}},"34":{"start":{"line":68,"column":6},"end":{"line":68,"column":32}},"35":{"start":{"line":69,"column":6},"end":{"line":69,"column":39}},"36":{"start":{"line":70,"column":6},"end":{"line":70,"column":35}},"37":{"start":{"line":71,"column":6},"end":{"line":78,"column":9}},"38":{"start":{"line":72,"column":8},"end":{"line":77,"column":9}},"39":{"start":{"line":73,"column":10},"end":{"line":73,"column":38}},"40":{"start":{"line":75,"column":10},"end":{"line":75,"column":42}},"41":{"start":{"line":76,"column":10},"end":{"line":76,"column":31}},"42":{"start":{"line":80,"column":6},"end":{"line":80,"column":44}},"43":{"start":{"line":81,"column":6},"end":{"line":81,"column":27}},"44":{"start":{"line":86,"column":0},"end":{"line":89,"column":1}}},"fnMap":{"0":{"name":"(anonymous_0)","decl":{"start":{"line":24,"column":23},"end":{"line":24,"column":24}},"loc":{"start":{"line":24,"column":31},"end":{"line":49,"column":1}},"line":24},"1":{"name":"(anonymous_1)","decl":{"start":{"line":25,"column":29},"end":{"line":25,"column":30}},"loc":{"start":{"line":25,"column":50},"end":{"line":48,"column":3}},"line":25},"2":{"name":"(anonymous_2)","decl":{"start":{"line":35,"column":28},"end":{"line":35,"column":29}},"loc":{"start":{"line":35,"column":40},"end":{"line":38,"column":7}},"line":35},"3":{"name":"(anonymous_3)","decl":{"start":{"line":40,"column":43},"end":{"line":40,"column":44}},"loc":{"start":{"line":40,"column":64},"end":{"line":46,"column":7}},"line":40},"4":{"name":"(anonymous_4)","decl":{"start":{"line":51,"column":27},"end":{"line":51,"column":28}},"loc":{"start":{"line":51,"column":33},"end":{"line":84,"column":1}},"line":51},"5":{"name":"(anonymous_5)","decl":{"start":{"line":52,"column":29},"end":{"line":52,"column":30}},"loc":{"start":{"line":52,"column":50},"end":{"line":83,"column":3}},"line":52},"6":{"name":"(anonymous_6)","decl":{"start":{"line":64,"column":28},"end":{"line":64,"column":29}},"loc":{"start":{"line":64,"column":40},"end":{"line":67,"column":7}},"line":64},"7":{"name":"(anonymous_7)","decl":{"start":{"line":71,"column":43},"end":{"line":71,"column":44}},"loc":{"start":{"line":71,"column":64},"end":{"line":78,"column":7}},"line":71}},"branchMap":{"0":{"loc":{"start":{"line":26,"column":4},"end":{"line":47,"column":5}},"type":"if","locations":[{"start":{"line":26,"column":4},"end":{"line":47,"column":5}},{"start":{"line":26,"column":4},"end":{"line":47,"column":5}}],"line":26},"1":{"loc":{"start":{"line":28,"column":11},"end":{"line":47,"column":5}},"type":"if","locations":[{"start":{"line":28,"column":11},"end":{"line":47,"column":5}},{"start":{"line":28,"column":11},"end":{"line":47,"column":5}}],"line":28},"2":{"loc":{"start":{"line":41,"column":8},"end":{"line":45,"column":9}},"type":"if","locations":[{"start":{"line":41,"column":8},"end":{"line":45,"column":9}},{"start":{"line":41,"column":8},"end":{"line":45,"column":9}}],"line":41},"3":{"loc":{"start":{"line":53,"column":4},"end":{"line":82,"column":5}},"type":"if","locations":[{"start":{"line":53,"column":4},"end":{"line":82,"column":5}},{"start":{"line":53,"column":4},"end":{"line":82,"column":5}}],"line":53},"4":{"loc":{"start":{"line":55,"column":11},"end":{"line":82,"column":5}},"type":"if","locations":[{"start":{"line":55,"column":11},"end":{"line":82,"column":5}},{"start":{"line":55,"column":11},"end":{"line":82,"column":5}}],"line":55},"5":{"loc":{"start":{"line":72,"column":8},"end":{"line":77,"column":9}},"type":"if","locations":[{"start":{"line":72,"column":8},"end":{"line":77,"column":9}},{"start":{"line":72,"column":8},"end":{"line":77,"column":9}}],"line":72}},"s":{"0":1,"1":1,"2":1,"3":1,"4":1,"5":1,"6":1,"7":1,"8":1,"9":1,"10":0,"11":1,"12":1,"13":1,"14":1,"15":1,"16":1,"17":1,"18":1,"19":0,"20":0,"21":0,"22":1,"23":0,"24":0,"25":0,"26":0,"27":0,"28":0,"29":0,"30":0,"31":0,"32":0,"33":0,"34":0,"35":0,"36":0,"37":0,"38":0,"39":0,"40":0,"41":0,"42":0,"43":0,"44":1},"f":{"0":1,"1":1,"2":1,"3":0,"4":0,"5":0,"6":0,"7":0},"b":{"0":[0,1],"1":[1,0],"2":[0,0],"3":[0,0],"4":[0,0],"5":[0,0]},"_coverageSchema":"332fd63041d2c1bcb487cc26dd0d5f7d97098a6c","hash":"5fd78e989d003143ca503d517a358330ad0dc198","contentHash":"20ffe3c503856bbf5e5cf8f29decb12a_11.4.1"},"/Users/aaron_144/hr/thesis/ev-micro/airbnb-booking-microsvc/events/server/sqs/book_queue/sqs_sendmessage.js":{"path":"/Users/aaron_144/hr/thesis/ev-micro/airbnb-booking-microsvc/events/server/sqs/book_queue/sqs_sendmessage.js","statementMap":{"0":{"start":{"line":1,"column":10},"end":{"line":1,"column":28}},"1":{"start":{"line":2,"column":0},"end":{"line":2,"column":43}},"2":{"start":{"line":4,"column":10},"end":{"line":4,"column":51}},"3":{"start":{"line":6,"column":13},"end":{"line":6,"column":15}},"4":{"start":{"line":7,"column":14},"end":{"line":7,"column":15}},"5":{"start":{"line":9,"column":14},"end":{"line":36,"column":1}},"6":{"start":{"line":10,"column":15},"end":{"line":24,"column":3}},"7":{"start":{"line":25,"column":2},"end":{"line":35,"column":5}},"8":{"start":{"line":26,"column":4},"end":{"line":34,"column":5}},"9":{"start":{"line":27,"column":6},"end":{"line":27,"column":37}},"10":{"start":{"line":29,"column":6},"end":{"line":33,"column":7}},"11":{"start":{"line":30,"column":8},"end":{"line":30,"column":51}},"12":{"start":{"line":32,"column":8},"end":{"line":32,"column":17}},"13":{"start":{"line":39,"column":0},"end":{"line":39,"column":25}}},"fnMap":{"0":{"name":"(anonymous_0)","decl":{"start":{"line":9,"column":14},"end":{"line":9,"column":15}},"loc":{"start":{"line":9,"column":47},"end":{"line":36,"column":1}},"line":9},"1":{"name":"(anonymous_1)","decl":{"start":{"line":25,"column":33},"end":{"line":25,"column":34}},"loc":{"start":{"line":25,"column":48},"end":{"line":35,"column":3}},"line":25}},"branchMap":{"0":{"loc":{"start":{"line":26,"column":4},"end":{"line":34,"column":5}},"type":"if","locations":[{"start":{"line":26,"column":4},"end":{"line":34,"column":5}},{"start":{"line":26,"column":4},"end":{"line":34,"column":5}}],"line":26},"1":{"loc":{"start":{"line":29,"column":6},"end":{"line":33,"column":7}},"type":"if","locations":[{"start":{"line":29,"column":6},"end":{"line":33,"column":7}},{"start":{"line":29,"column":6},"end":{"line":33,"column":7}}],"line":29}},"s":{"0":1,"1":1,"2":1,"3":1,"4":1,"5":1,"6":1,"7":1,"8":1,"9":0,"10":1,"11":0,"12":1,"13":1},"f":{"0":1,"1":1},"b":{"0":[0,1],"1":[0,1]},"_coverageSchema":"332fd63041d2c1bcb487cc26dd0d5f7d97098a6c","hash":"e006ff6278c135607891534682ba4229db1a8ed8","contentHash":"5dd11ab1d8043bcdb1412aa9bac64cb7_11.4.1"},"/Users/aaron_144/hr/thesis/ev-micro/airbnb-booking-microsvc/events/server/sqs/view_queue/sqs_receivemessage.js":{"path":"/Users/aaron_144/hr/thesis/ev-micro/airbnb-booking-microsvc/events/server/sqs/view_queue/sqs_receivemessage.js","statementMap":{"0":{"start":{"line":2,"column":19},"end":{"line":2,"column":61}},"1":{"start":{"line":5,"column":12},"end":{"line":5,"column":30}},"2":{"start":{"line":6,"column":0},"end":{"line":6,"column":42}},"3":{"start":{"line":7,"column":12},"end":{"line":7,"column":51}},"4":{"start":{"line":9,"column":17},"end":{"line":9,"column":73}},"5":{"start":{"line":11,"column":15},"end":{"line":22,"column":1}},"6":{"start":{"line":24,"column":14},"end":{"line":24,"column":15}},"7":{"start":{"line":26,"column":23},"end":{"line":51,"column":1}},"8":{"start":{"line":27,"column":2},"end":{"line":50,"column":5}},"9":{"start":{"line":28,"column":4},"end":{"line":49,"column":5}},"10":{"start":{"line":29,"column":6},"end":{"line":29,"column":47}},"11":{"start":{"line":30,"column":11},"end":{"line":49,"column":5}},"12":{"start":{"line":31,"column":25},"end":{"line":34,"column":7}},"13":{"start":{"line":36,"column":21},"end":{"line":36,"column":23}},"14":{"start":{"line":37,"column":6},"end":{"line":40,"column":9}},"15":{"start":{"line":38,"column":8},"end":{"line":38,"column":91}},"16":{"start":{"line":39,"column":8},"end":{"line":39,"column":121}},"17":{"start":{"line":41,"column":6},"end":{"line":41,"column":34}},"18":{"start":{"line":42,"column":6},"end":{"line":48,"column":9}},"19":{"start":{"line":43,"column":8},"end":{"line":47,"column":9}},"20":{"start":{"line":44,"column":10},"end":{"line":44,"column":38}},"21":{"start":{"line":46,"column":10},"end":{"line":46,"column":35}},"22":{"start":{"line":53,"column":27},"end":{"line":86,"column":1}},"23":{"start":{"line":54,"column":2},"end":{"line":85,"column":5}},"24":{"start":{"line":55,"column":4},"end":{"line":84,"column":5}},"25":{"start":{"line":56,"column":6},"end":{"line":56,"column":47}},"26":{"start":{"line":57,"column":11},"end":{"line":84,"column":5}},"27":{"start":{"line":58,"column":6},"end":{"line":58,"column":35}},"28":{"start":{"line":59,"column":25},"end":{"line":62,"column":7}},"29":{"start":{"line":63,"column":6},"end":{"line":63,"column":67}},"30":{"start":{"line":65,"column":19},"end":{"line":65,"column":21}},"31":{"start":{"line":66,"column":6},"end":{"line":69,"column":9}},"32":{"start":{"line":67,"column":10},"end":{"line":67,"column":93}},"33":{"start":{"line":68,"column":10},"end":{"line":68,"column":121}},"34":{"start":{"line":70,"column":6},"end":{"line":70,"column":32}},"35":{"start":{"line":71,"column":6},"end":{"line":71,"column":39}},"36":{"start":{"line":72,"column":6},"end":{"line":72,"column":35}},"37":{"start":{"line":73,"column":6},"end":{"line":80,"column":9}},"38":{"start":{"line":74,"column":8},"end":{"line":79,"column":9}},"39":{"start":{"line":75,"column":10},"end":{"line":75,"column":38}},"40":{"start":{"line":77,"column":10},"end":{"line":77,"column":42}},"41":{"start":{"line":78,"column":10},"end":{"line":78,"column":31}},"42":{"start":{"line":82,"column":6},"end":{"line":82,"column":44}},"43":{"start":{"line":83,"column":6},"end":{"line":83,"column":27}},"44":{"start":{"line":88,"column":0},"end":{"line":91,"column":1}}},"fnMap":{"0":{"name":"(anonymous_0)","decl":{"start":{"line":26,"column":23},"end":{"line":26,"column":24}},"loc":{"start":{"line":26,"column":31},"end":{"line":51,"column":1}},"line":26},"1":{"name":"(anonymous_1)","decl":{"start":{"line":27,"column":29},"end":{"line":27,"column":30}},"loc":{"start":{"line":27,"column":50},"end":{"line":50,"column":3}},"line":27},"2":{"name":"(anonymous_2)","decl":{"start":{"line":37,"column":28},"end":{"line":37,"column":29}},"loc":{"start":{"line":37,"column":40},"end":{"line":40,"column":7}},"line":37},"3":{"name":"(anonymous_3)","decl":{"start":{"line":42,"column":43},"end":{"line":42,"column":44}},"loc":{"start":{"line":42,"column":64},"end":{"line":48,"column":7}},"line":42},"4":{"name":"(anonymous_4)","decl":{"start":{"line":53,"column":27},"end":{"line":53,"column":28}},"loc":{"start":{"line":53,"column":33},"end":{"line":86,"column":1}},"line":53},"5":{"name":"(anonymous_5)","decl":{"start":{"line":54,"column":29},"end":{"line":54,"column":30}},"loc":{"start":{"line":54,"column":50},"end":{"line":85,"column":3}},"line":54},"6":{"name":"(anonymous_6)","decl":{"start":{"line":66,"column":28},"end":{"line":66,"column":29}},"loc":{"start":{"line":66,"column":40},"end":{"line":69,"column":7}},"line":66},"7":{"name":"(anonymous_7)","decl":{"start":{"line":73,"column":43},"end":{"line":73,"column":44}},"loc":{"start":{"line":73,"column":64},"end":{"line":80,"column":7}},"line":73}},"branchMap":{"0":{"loc":{"start":{"line":28,"column":4},"end":{"line":49,"column":5}},"type":"if","locations":[{"start":{"line":28,"column":4},"end":{"line":49,"column":5}},{"start":{"line":28,"column":4},"end":{"line":49,"column":5}}],"line":28},"1":{"loc":{"start":{"line":30,"column":11},"end":{"line":49,"column":5}},"type":"if","locations":[{"start":{"line":30,"column":11},"end":{"line":49,"column":5}},{"start":{"line":30,"column":11},"end":{"line":49,"column":5}}],"line":30},"2":{"loc":{"start":{"line":43,"column":8},"end":{"line":47,"column":9}},"type":"if","locations":[{"start":{"line":43,"column":8},"end":{"line":47,"column":9}},{"start":{"line":43,"column":8},"end":{"line":47,"column":9}}],"line":43},"3":{"loc":{"start":{"line":55,"column":4},"end":{"line":84,"column":5}},"type":"if","locations":[{"start":{"line":55,"column":4},"end":{"line":84,"column":5}},{"start":{"line":55,"column":4},"end":{"line":84,"column":5}}],"line":55},"4":{"loc":{"start":{"line":57,"column":11},"end":{"line":84,"column":5}},"type":"if","locations":[{"start":{"line":57,"column":11},"end":{"line":84,"column":5}},{"start":{"line":57,"column":11},"end":{"line":84,"column":5}}],"line":57},"5":{"loc":{"start":{"line":74,"column":8},"end":{"line":79,"column":9}},"type":"if","locations":[{"start":{"line":74,"column":8},"end":{"line":79,"column":9}},{"start":{"line":74,"column":8},"end":{"line":79,"column":9}}],"line":74}},"s":{"0":1,"1":1,"2":1,"3":1,"4":1,"5":1,"6":1,"7":1,"8":1,"9":1,"10":0,"11":1,"12":1,"13":1,"14":1,"15":10,"16":10,"17":1,"18":1,"19":1,"20":0,"21":1,"22":1,"23":0,"24":0,"25":0,"26":0,"27":0,"28":0,"29":0,"30":0,"31":0,"32":0,"33":0,"34":0,"35":0,"36":0,"37":0,"38":0,"39":0,"40":0,"41":0,"42":0,"43":0,"44":1},"f":{"0":1,"1":1,"2":10,"3":1,"4":0,"5":0,"6":0,"7":0},"b":{"0":[0,1],"1":[1,0],"2":[0,1],"3":[0,0],"4":[0,0],"5":[0,0]},"_coverageSchema":"332fd63041d2c1bcb487cc26dd0d5f7d97098a6c","hash":"67f51b68507392afa6c418ba9b7a7753d524b068","contentHash":"ab54983e3c458fd81f990aa98c6a5310_11.4.1"},"/Users/aaron_144/hr/thesis/ev-micro/airbnb-booking-microsvc/events/server/sqs/view_queue/sqs_sendmessage.js":{"path":"/Users/aaron_144/hr/thesis/ev-micro/airbnb-booking-microsvc/events/server/sqs/view_queue/sqs_sendmessage.js","statementMap":{"0":{"start":{"line":1,"column":10},"end":{"line":1,"column":28}},"1":{"start":{"line":2,"column":0},"end":{"line":2,"column":43}},"2":{"start":{"line":4,"column":10},"end":{"line":4,"column":51}},"3":{"start":{"line":6,"column":13},"end":{"line":6,"column":15}},"4":{"start":{"line":7,"column":14},"end":{"line":7,"column":15}},"5":{"start":{"line":9,"column":14},"end":{"line":36,"column":1}},"6":{"start":{"line":10,"column":15},"end":{"line":24,"column":3}},"7":{"start":{"line":25,"column":2},"end":{"line":35,"column":5}},"8":{"start":{"line":26,"column":4},"end":{"line":34,"column":5}},"9":{"start":{"line":27,"column":6},"end":{"line":27,"column":37}},"10":{"start":{"line":29,"column":6},"end":{"line":33,"column":7}},"11":{"start":{"line":30,"column":8},"end":{"line":30,"column":51}},"12":{"start":{"line":32,"column":8},"end":{"line":32,"column":17}},"13":{"start":{"line":39,"column":0},"end":{"line":39,"column":25}}},"fnMap":{"0":{"name":"(anonymous_0)","decl":{"start":{"line":9,"column":14},"end":{"line":9,"column":15}},"loc":{"start":{"line":9,"column":46},"end":{"line":36,"column":1}},"line":9},"1":{"name":"(anonymous_1)","decl":{"start":{"line":25,"column":33},"end":{"line":25,"column":34}},"loc":{"start":{"line":25,"column":48},"end":{"line":35,"column":3}},"line":25}},"branchMap":{"0":{"loc":{"start":{"line":26,"column":4},"end":{"line":34,"column":5}},"type":"if","locations":[{"start":{"line":26,"column":4},"end":{"line":34,"column":5}},{"start":{"line":26,"column":4},"end":{"line":34,"column":5}}],"line":26},"1":{"loc":{"start":{"line":29,"column":6},"end":{"line":33,"column":7}},"type":"if","locations":[{"start":{"line":29,"column":6},"end":{"line":33,"column":7}},{"start":{"line":29,"column":6},"end":{"line":33,"column":7}}],"line":29}},"s":{"0":1,"1":1,"2":1,"3":1,"4":1,"5":1,"6":21,"7":21,"8":21,"9":0,"10":21,"11":0,"12":21,"13":1},"f":{"0":21,"1":21},"b":{"0":[0,21],"1":[0,21]},"_coverageSchema":"332fd63041d2c1bcb487cc26dd0d5f7d97098a6c","hash":"dc2b163a6cedaea4c70906576c1a836ea833095e","contentHash":"d6bc834dab06afae344fdbeec509c93b_11.4.1"},"/Users/aaron_144/hr/thesis/ev-micro/airbnb-booking-microsvc/events/database/pg/superhosts.js":{"path":"/Users/aaron_144/hr/thesis/ev-micro/airbnb-booking-microsvc/events/database/pg/superhosts.js","statementMap":{"0":{"start":{"line":2,"column":25},"end":{"line":2,"column":38}},"1":{"start":{"line":3,"column":19},"end":{"line":5,"column":49}},"2":{"start":{"line":6,"column":13},"end":{"line":6,"column":33}},"3":{"start":{"line":7,"column":0},"end":{"line":7,"column":15}},"4":{"start":{"line":9,"column":18},"end":{"line":11,"column":1}},"5":{"start":{"line":10,"column":4},"end":{"line":10,"column":78}},"6":{"start":{"line":14,"column":24},"end":{"line":16,"column":1}},"7":{"start":{"line":15,"column":4},"end":{"line":15,"column":95}},"8":{"start":{"line":18,"column":0},"end":{"line":21,"column":1}}},"fnMap":{"0":{"name":"(anonymous_0)","decl":{"start":{"line":9,"column":18},"end":{"line":9,"column":19}},"loc":{"start":{"line":9,"column":30},"end":{"line":11,"column":1}},"line":9},"1":{"name":"(anonymous_1)","decl":{"start":{"line":14,"column":24},"end":{"line":14,"column":25}},"loc":{"start":{"line":14,"column":42},"end":{"line":16,"column":1}},"line":14}},"branchMap":{"0":{"loc":{"start":{"line":3,"column":19},"end":{"line":5,"column":49}},"type":"cond-expr","locations":[{"start":{"line":4,"column":4},"end":{"line":4,"column":50}},{"start":{"line":5,"column":4},"end":{"line":5,"column":49}}],"line":3}},"s":{"0":1,"1":1,"2":1,"3":1,"4":1,"5":7,"6":1,"7":0,"8":1},"f":{"0":7,"1":0},"b":{"0":[0,1]},"_coverageSchema":"332fd63041d2c1bcb487cc26dd0d5f7d97098a6c","hash":"1fa08a1b321565e13462ee537c3fcc2946e12483","contentHash":"e462cd15f6bbf09d1b610e82e8d46938_11.4.1"},"/Users/aaron_144/hr/thesis/ev-micro/airbnb-booking-microsvc/events/server/sqs/view_queue/sqs_listqueues.js":{"path":"/Users/aaron_144/hr/thesis/ev-micro/airbnb-booking-microsvc/events/server/sqs/view_queue/sqs_listqueues.js","statementMap":{"0":{"start":{"line":1,"column":10},"end":{"line":1,"column":28}},"1":{"start":{"line":2,"column":0},"end":{"line":2,"column":43}},"2":{"start":{"line":4,"column":10},"end":{"line":4,"column":51}},"3":{"start":{"line":6,"column":13},"end":{"line":6,"column":15}},"4":{"start":{"line":8,"column":0},"end":{"line":21,"column":1}},"5":{"start":{"line":9,"column":2},"end":{"line":20,"column":4}},"6":{"start":{"line":10,"column":4},"end":{"line":19,"column":7}},"7":{"start":{"line":11,"column":6},"end":{"line":18,"column":7}},"8":{"start":{"line":12,"column":8},"end":{"line":12,"column":20}},"9":{"start":{"line":14,"column":8},"end":{"line":16,"column":9}},"10":{"start":{"line":15,"column":10},"end":{"line":15,"column":49}},"11":{"start":{"line":17,"column":8},"end":{"line":17,"column":32}}},"fnMap":{"0":{"name":"(anonymous_0)","decl":{"start":{"line":8,"column":17},"end":{"line":8,"column":18}},"loc":{"start":{"line":8,"column":23},"end":{"line":21,"column":1}},"line":8},"1":{"name":"(anonymous_1)","decl":{"start":{"line":9,"column":21},"end":{"line":9,"column":22}},"loc":{"start":{"line":9,"column":42},"end":{"line":20,"column":3}},"line":9},"2":{"name":"(anonymous_2)","decl":{"start":{"line":10,"column":27},"end":{"line":10,"column":28}},"loc":{"start":{"line":10,"column":42},"end":{"line":19,"column":5}},"line":10}},"branchMap":{"0":{"loc":{"start":{"line":11,"column":6},"end":{"line":18,"column":7}},"type":"if","locations":[{"start":{"line":11,"column":6},"end":{"line":18,"column":7}},{"start":{"line":11,"column":6},"end":{"line":18,"column":7}}],"line":11},"1":{"loc":{"start":{"line":14,"column":8},"end":{"line":16,"column":9}},"type":"if","locations":[{"start":{"line":14,"column":8},"end":{"line":16,"column":9}},{"start":{"line":14,"column":8},"end":{"line":16,"column":9}}],"line":14}},"s":{"0":1,"1":1,"2":1,"3":1,"4":1,"5":1,"6":1,"7":1,"8":0,"9":1,"10":0,"11":1},"f":{"0":1,"1":1,"2":1},"b":{"0":[0,1],"1":[0,1]},"_coverageSchema":"332fd63041d2c1bcb487cc26dd0d5f7d97098a6c","hash":"6da24a440d6418e47e4b65dc200e9687f003c567","contentHash":"561a2868177f53e26f65a47bab7ffb94_11.4.1"}}